<?xml version="1.0" encoding="UTF-8"?>
<!-- Generated by org.testng.reporters.JUnitReportReporter -->
<testsuite hostname="LAPTOP-CD3D46K5" failures="0" tests="1" name="com.CRM.qa.Testcases.Sample" time="8.884" errors="0" timestamp="21 Apr 2024 08:02:52 GMT">
  <testcase classname="com.CRM.qa.Testcases.Sample" name="cheomeTest" time="8.884"/>
</testsuite> <!-- com.CRM.qa.Testcases.Sample -->
