<?xml version="1.0" encoding="UTF-8"?>
<!-- Generated by org.testng.reporters.JUnitReportReporter -->
<testsuite hostname="LAPTOP-CD3D46K5" failures="0" tests="1" name="seleniumOperations.GetAndNavigateDifference" time="11.086" errors="0" timestamp="1 May 2024 08:02:45 GMT">
  <testcase classname="seleniumOperations.GetAndNavigateDifference" name="dis" time="11.086"/>
</testsuite> <!-- seleniumOperations.GetAndNavigateDifference -->
