<?xml version="1.0" encoding="UTF-8"?>
<!-- Generated by org.testng.reporters.JUnitReportReporter -->
<testsuite hostname="LAPTOP-CD3D46K5" failures="0" tests="3" name="TestNGFeatures.an" time="0.024" errors="0" timestamp="7 May 2024 10:41:27 GMT">
  <testcase classname="TestNGFeatures.an" name="dis2" time="0.004"/>
  <testcase classname="TestNGFeatures.an" name="dis" time="0.009"/>
  <testcase classname="TestNGFeatures.an" name="dis1" time="0.011"/>
</testsuite> <!-- TestNGFeatures.an -->
