<?xml version="1.0" encoding="UTF-8"?>
<!-- Generated by org.testng.reporters.JUnitReportReporter -->
<testsuite hostname="LAPTOP-CD3D46K5" failures="0" tests="2" name="TestNGFeatures.prallelTestingEx" time="10.594" errors="0" timestamp="24 Apr 2024 10:16:02 GMT">
  <testcase classname="TestNGFeatures.prallelTestingEx" name="test2" time="3.408"/>
  <testcase classname="TestNGFeatures.prallelTestingEx" name="test1" time="7.186"/>
</testsuite> <!-- TestNGFeatures.prallelTestingEx -->
