<?xml version="1.0" encoding="UTF-8"?>
<!-- Generated by org.testng.reporters.JUnitReportReporter -->
<testsuite hostname="LAPTOP-CD3D46K5" failures="0" tests="3" name="TestNGFeatures.dependencyMethodsEx" time="0.016" errors="0" timestamp="24 Apr 2024 09:07:52 GMT">
  <testcase classname="TestNGFeatures.dependencyMethodsEx" name="WebLgin" time="0.013"/>
  <testcase classname="TestNGFeatures.dependencyMethodsEx" name="MobileLgin" time="0.002"/>
  <testcase classname="TestNGFeatures.dependencyMethodsEx" name="APILgin" time="0.001"/>
</testsuite> <!-- TestNGFeatures.dependencyMethodsEx -->
