<?xml version="1.0" encoding="UTF-8"?>
<!-- Generated by org.testng.reporters.JUnitReportReporter -->
<testsuite hostname="LAPTOP-CD3D46K5" failures="0" tests="3" name="practice.Inv" time="0.025" errors="0" timestamp="19 Apr 2024 07:45:04 GMT">
  <testcase classname="practice.Inv" name="st" time="0.004"/>
  <testcase classname="practice.Inv" name="st" time="0.005"/>
  <testcase classname="practice.Inv" name="st" time="0.016"/>
</testsuite> <!-- practice.Inv -->
