<?xml version="1.0" encoding="UTF-8"?>
<!-- Generated by org.testng.reporters.JUnitReportReporter -->
<testsuite hostname="LAPTOP-CD3D46K5" failures="0" tests="1" name="seleniumOperations.Selenium4features" time="250.824" errors="0" timestamp="8 May 2024 10:16:59 GMT">
  <testcase classname="seleniumOperations.Selenium4features" name="OpenNewTab" time="250.824"/>
</testsuite> <!-- seleniumOperations.Selenium4features -->
