<?xml version="1.0" encoding="UTF-8"?>
<!-- Generated by org.testng.reporters.JUnitReportReporter -->
<testsuite hostname="LAPTOP-CD3D46K5" failures="0" tests="3" name="practice.CrossBrowserTesting" time="66.949" errors="0" timestamp="12 Apr 2024 03:43:44 GMT">
  <testcase classname="practice.CrossBrowserTesting" name="LoginTest" time="18.820"/>
  <testcase classname="practice.CrossBrowserTesting" name="LoginTest" time="28.314"/>
  <testcase classname="practice.CrossBrowserTesting" name="LoginTest" time="19.815"/>
</testsuite> <!-- practice.CrossBrowserTesting -->
