<?xml version="1.0" encoding="UTF-8"?>
<!-- Generated by org.testng.reporters.JUnitReportReporter -->
<testsuite hostname="LAPTOP-CD3D46K5" failures="0" tests="1" name="TestNGFeatures.NewTest" time="0.018" errors="0" timestamp="24 Apr 2024 09:47:25 GMT">
  <testcase classname="TestNGFeatures.NewTest" name="testMethod" time="0.018"/>
</testsuite> <!-- TestNGFeatures.NewTest -->
