<?xml version="1.0" encoding="UTF-8"?>
<!-- Generated by org.testng.reporters.JUnitReportReporter -->
<testsuite hostname="LAPTOP-CD3D46K5" failures="0" tests="1" name="practice.HandlingDropDowns" time="5.230" errors="0" timestamp="26 Mar 2024 10:09:14 GMT">
  <testcase classname="practice.HandlingDropDowns" name="setup" time="5.230"/>
</testsuite> <!-- practice.HandlingDropDowns -->
