<?xml version="1.0" encoding="UTF-8"?>
<!-- Generated by org.testng.reporters.JUnitReportReporter -->
<testsuite hostname="LAPTOP-CD3D46K5" failures="0" tests="2" name="TestNGFeatures.annoationsEx" time="0.006" errors="0" timestamp="24 Apr 2024 09:47:25 GMT">
  <testcase classname="TestNGFeatures.annoationsEx" name="testMethod" time="0.004"/>
  <testcase classname="TestNGFeatures.annoationsEx" name="testMethod3" time="0.002"/>
</testsuite> <!-- TestNGFeatures.annoationsEx -->
