<?xml version="1.0" encoding="UTF-8"?>
<!-- Generated by org.testng.reporters.JUnitReportReporter -->
<testsuite hostname="LAPTOP-CD3D46K5" failures="0" tests="1" name="selenium4Features.Selenium4feat" time="13.214" errors="0" timestamp="1 May 2024 04:36:17 GMT">
  <testcase classname="selenium4Features.Selenium4feat" name="TakeScreenshotOfParticularScetion" time="13.214"/>
</testsuite> <!-- selenium4Features.Selenium4feat -->
