<?xml version="1.0" encoding="UTF-8"?>
<!-- Generated by org.testng.reporters.JUnitReportReporter -->
<testsuite hostname="LAPTOP-CD3D46K5" failures="0" tests="3" name="TestNGFeatures.parametersEx2" time="0.004" errors="0" timestamp="24 Apr 2024 09:44:13 GMT">
  <testcase classname="TestNGFeatures.parametersEx2" name="display1" time="0.001"/>
  <testcase classname="TestNGFeatures.parametersEx2" name="display" time="0.003"/>
  <testcase classname="TestNGFeatures.parametersEx2" name="display2" time="0.000"/>
</testsuite> <!-- TestNGFeatures.parametersEx2 -->
