<?xml version="1.0" encoding="UTF-8"?>
<!-- Generated by org.testng.reporters.JUnitReportReporter -->
<testsuite hostname="LAPTOP-CD3D46K5" failures="0" tests="1" name="TestNGFeatures.gropusEx" time="0.001" errors="0" timestamp="24 Apr 2024 09:23:09 GMT">
  <testcase classname="TestNGFeatures.gropusEx" name="test2" time="0.001"/>
</testsuite> <!-- TestNGFeatures.gropusEx -->
