<?xml version="1.0" encoding="UTF-8"?>
<!-- Generated by org.testng.reporters.JUnitReportReporter -->
<testsuite hostname="LAPTOP-CD3D46K5" failures="0" tests="2" name="TestNGFeatures.prallelTestingEx2" time="8.396" errors="0" timestamp="24 Apr 2024 10:16:02 GMT">
  <testcase classname="TestNGFeatures.prallelTestingEx2" name="test5" time="3.059"/>
  <testcase classname="TestNGFeatures.prallelTestingEx2" name="test4" time="5.337"/>
</testsuite> <!-- TestNGFeatures.prallelTestingEx2 -->
