<?xml version="1.0" encoding="UTF-8"?>
<!-- Generated by org.testng.reporters.JUnitReportReporter -->
<testsuite hostname="LAPTOP-CD3D46K5" failures="0" tests="3" name="TestNGFeatures.parametersEx" time="0.018" errors="0" timestamp="24 Apr 2024 09:44:13 GMT">
  <testcase classname="TestNGFeatures.parametersEx" name="display1" time="0.002"/>
  <testcase classname="TestNGFeatures.parametersEx" name="display2" time="0.001"/>
  <testcase classname="TestNGFeatures.parametersEx" name="display" time="0.015"/>
</testsuite> <!-- TestNGFeatures.parametersEx -->
